<?xml version="1.0" encoding="UTF-8"?>
<!-- Generated by org.testng.reporters.JUnitXMLReporter -->
<testsuite ignored="0" hostname="LAPTOP-1S7KVVBR" failures="0" tests="5" name="Default test" time="8.095" errors="0" timestamp="2025-03-31T17:05:52 IST">
  <testcase classname="api.tests.QtripApiTests" name="verifyRegisterResponse" time="3.077"/>
  <testcase classname="api.tests.QtripApiTests" name="verifyLoginResponse" time="1.476"/>
  <testcase classname="api.tests.QtripApiTests" name="veriyGetCitiesResponse" time="1.353"/>
  <testcase classname="api.tests.QtripApiTests" name="veriyGetCityResponse" time="0.916"/>
  <testcase classname="api.tests.QtripApiTests" name="veriyGetReservationResponse" time="0.956"/>
</testsuite> <!-- Default test -->
